ARM GAS  C:\Users\phuong\AppData\Local\Temp\ccD3MtEm.s 			page 1


   1              		.cpu cortex-m3
   2              		.eabi_attribute 20, 1
   3              		.eabi_attribute 21, 1
   4              		.eabi_attribute 23, 3
   5              		.eabi_attribute 24, 1
   6              		.eabi_attribute 25, 1
   7              		.eabi_attribute 26, 1
   8              		.eabi_attribute 30, 1
   9              		.eabi_attribute 34, 1
  10              		.eabi_attribute 18, 4
  11              		.file	"main.c"
  12              		.text
  13              	.Ltext0:
  14              		.cfi_sections	.debug_frame
  15              		.section	.text.MX_GPIO_Init,"ax",%progbits
  16              		.align	1
  17              		.arch armv7-m
  18              		.syntax unified
  19              		.thumb
  20              		.thumb_func
  21              		.fpu softvfp
  23              	MX_GPIO_Init:
  24              	.LFB68:
  25              		.file 1 "Src/main.c"
   1:Src/main.c    **** 
   2:Src/main.c    **** #include "main.h"
   3:Src/main.c    **** 
   4:Src/main.c    **** void SystemClock_Config(void);
   5:Src/main.c    **** static void MX_GPIO_Init(void);
   6:Src/main.c    **** 
   7:Src/main.c    **** int main(void)
   8:Src/main.c    **** {
   9:Src/main.c    **** 
  10:Src/main.c    ****   HAL_Init();
  11:Src/main.c    ****   SystemClock_Config();
  12:Src/main.c    ****   MX_GPIO_Init();
  13:Src/main.c    **** 
  14:Src/main.c    ****   while (1)
  15:Src/main.c    ****   {
  16:Src/main.c    ****    
  17:Src/main.c    ****   }
  18:Src/main.c    **** }
  19:Src/main.c    **** 
  20:Src/main.c    **** void SystemClock_Config(void)
  21:Src/main.c    **** {
  22:Src/main.c    ****   RCC_OscInitTypeDef RCC_OscInitStruct = {0};
  23:Src/main.c    ****   RCC_ClkInitTypeDef RCC_ClkInitStruct = {0};
  24:Src/main.c    **** 
  25:Src/main.c    ****   /** Initializes the CPU, AHB and APB busses clocks 
  26:Src/main.c    ****   */
  27:Src/main.c    ****   RCC_OscInitStruct.OscillatorType = RCC_OSCILLATORTYPE_HSI;
  28:Src/main.c    ****   RCC_OscInitStruct.HSIState = RCC_HSI_ON;
  29:Src/main.c    ****   RCC_OscInitStruct.HSICalibrationValue = RCC_HSICALIBRATION_DEFAULT;
  30:Src/main.c    ****   RCC_OscInitStruct.PLL.PLLState = RCC_PLL_NONE;
  31:Src/main.c    ****   if (HAL_RCC_OscConfig(&RCC_OscInitStruct) != HAL_OK)
  32:Src/main.c    ****   {
  33:Src/main.c    ****     Error_Handler();
ARM GAS  C:\Users\phuong\AppData\Local\Temp\ccD3MtEm.s 			page 2


  34:Src/main.c    ****   }
  35:Src/main.c    ****   /** Initializes the CPU, AHB and APB busses clocks 
  36:Src/main.c    ****   */
  37:Src/main.c    ****   RCC_ClkInitStruct.ClockType = RCC_CLOCKTYPE_HCLK|RCC_CLOCKTYPE_SYSCLK
  38:Src/main.c    ****                               |RCC_CLOCKTYPE_PCLK1|RCC_CLOCKTYPE_PCLK2;
  39:Src/main.c    ****   RCC_ClkInitStruct.SYSCLKSource = RCC_SYSCLKSOURCE_HSI;
  40:Src/main.c    ****   RCC_ClkInitStruct.AHBCLKDivider = RCC_SYSCLK_DIV1;
  41:Src/main.c    ****   RCC_ClkInitStruct.APB1CLKDivider = RCC_HCLK_DIV1;
  42:Src/main.c    ****   RCC_ClkInitStruct.APB2CLKDivider = RCC_HCLK_DIV1;
  43:Src/main.c    **** 
  44:Src/main.c    ****   if (HAL_RCC_ClockConfig(&RCC_ClkInitStruct, FLASH_LATENCY_0) != HAL_OK)
  45:Src/main.c    ****   {
  46:Src/main.c    ****     Error_Handler();
  47:Src/main.c    ****   }
  48:Src/main.c    **** }
  49:Src/main.c    **** 
  50:Src/main.c    **** /**
  51:Src/main.c    ****   * @brief GPIO Initialization Function
  52:Src/main.c    ****   * @param None
  53:Src/main.c    ****   * @retval None
  54:Src/main.c    ****   */
  55:Src/main.c    **** static void MX_GPIO_Init(void)
  56:Src/main.c    **** {
  26              		.loc 1 56 1 view -0
  27              		.cfi_startproc
  28              		@ args = 0, pretend = 0, frame = 16
  29              		@ frame_needed = 0, uses_anonymous_args = 0
  30              		@ link register save eliminated.
  31 0000 84B0     		sub	sp, sp, #16
  32              	.LCFI0:
  33              		.cfi_def_cfa_offset 16
  57:Src/main.c    **** 
  58:Src/main.c    ****   /* GPIO Ports Clock Enable */
  59:Src/main.c    ****   __HAL_RCC_GPIOC_CLK_ENABLE();
  34              		.loc 1 59 3 view .LVU1
  35              	.LBB2:
  36              		.loc 1 59 3 view .LVU2
  37              		.loc 1 59 3 view .LVU3
  38 0002 134B     		ldr	r3, .L3
  39 0004 9A69     		ldr	r2, [r3, #24]
  40 0006 42F01002 		orr	r2, r2, #16
  41 000a 9A61     		str	r2, [r3, #24]
  42              		.loc 1 59 3 view .LVU4
  43 000c 9A69     		ldr	r2, [r3, #24]
  44 000e 02F01002 		and	r2, r2, #16
  45 0012 0092     		str	r2, [sp]
  46              		.loc 1 59 3 view .LVU5
  47 0014 009A     		ldr	r2, [sp]
  48              	.LBE2:
  60:Src/main.c    ****   __HAL_RCC_GPIOD_CLK_ENABLE();
  49              		.loc 1 60 3 view .LVU6
  50              	.LBB3:
  51              		.loc 1 60 3 view .LVU7
  52              		.loc 1 60 3 view .LVU8
  53 0016 9A69     		ldr	r2, [r3, #24]
  54 0018 42F02002 		orr	r2, r2, #32
  55 001c 9A61     		str	r2, [r3, #24]
ARM GAS  C:\Users\phuong\AppData\Local\Temp\ccD3MtEm.s 			page 3


  56              		.loc 1 60 3 view .LVU9
  57 001e 9A69     		ldr	r2, [r3, #24]
  58 0020 02F02002 		and	r2, r2, #32
  59 0024 0192     		str	r2, [sp, #4]
  60              		.loc 1 60 3 view .LVU10
  61 0026 019A     		ldr	r2, [sp, #4]
  62              	.LBE3:
  61:Src/main.c    ****   __HAL_RCC_GPIOA_CLK_ENABLE();
  63              		.loc 1 61 3 view .LVU11
  64              	.LBB4:
  65              		.loc 1 61 3 view .LVU12
  66              		.loc 1 61 3 view .LVU13
  67 0028 9A69     		ldr	r2, [r3, #24]
  68 002a 42F00402 		orr	r2, r2, #4
  69 002e 9A61     		str	r2, [r3, #24]
  70              		.loc 1 61 3 view .LVU14
  71 0030 9A69     		ldr	r2, [r3, #24]
  72 0032 02F00402 		and	r2, r2, #4
  73 0036 0292     		str	r2, [sp, #8]
  74              		.loc 1 61 3 view .LVU15
  75 0038 029A     		ldr	r2, [sp, #8]
  76              	.LBE4:
  62:Src/main.c    ****   __HAL_RCC_GPIOB_CLK_ENABLE();
  77              		.loc 1 62 3 view .LVU16
  78              	.LBB5:
  79              		.loc 1 62 3 view .LVU17
  80              		.loc 1 62 3 view .LVU18
  81 003a 9A69     		ldr	r2, [r3, #24]
  82 003c 42F00802 		orr	r2, r2, #8
  83 0040 9A61     		str	r2, [r3, #24]
  84              		.loc 1 62 3 view .LVU19
  85 0042 9B69     		ldr	r3, [r3, #24]
  86 0044 03F00803 		and	r3, r3, #8
  87 0048 0393     		str	r3, [sp, #12]
  88              		.loc 1 62 3 view .LVU20
  89 004a 039B     		ldr	r3, [sp, #12]
  90              	.LBE5:
  63:Src/main.c    **** 
  64:Src/main.c    **** }
  91              		.loc 1 64 1 is_stmt 0 view .LVU21
  92 004c 04B0     		add	sp, sp, #16
  93              	.LCFI1:
  94              		.cfi_def_cfa_offset 0
  95              		@ sp needed
  96 004e 7047     		bx	lr
  97              	.L4:
  98              		.align	2
  99              	.L3:
 100 0050 00100240 		.word	1073876992
 101              		.cfi_endproc
 102              	.LFE68:
 104              		.section	.text.SystemClock_Config,"ax",%progbits
 105              		.align	1
 106              		.global	SystemClock_Config
 107              		.syntax unified
 108              		.thumb
 109              		.thumb_func
ARM GAS  C:\Users\phuong\AppData\Local\Temp\ccD3MtEm.s 			page 4


 110              		.fpu softvfp
 112              	SystemClock_Config:
 113              	.LFB67:
  21:Src/main.c    ****   RCC_OscInitTypeDef RCC_OscInitStruct = {0};
 114              		.loc 1 21 1 is_stmt 1 view -0
 115              		.cfi_startproc
 116              		@ args = 0, pretend = 0, frame = 64
 117              		@ frame_needed = 0, uses_anonymous_args = 0
 118 0000 10B5     		push	{r4, lr}
 119              	.LCFI2:
 120              		.cfi_def_cfa_offset 8
 121              		.cfi_offset 4, -8
 122              		.cfi_offset 14, -4
 123 0002 90B0     		sub	sp, sp, #64
 124              	.LCFI3:
 125              		.cfi_def_cfa_offset 72
  22:Src/main.c    ****   RCC_ClkInitTypeDef RCC_ClkInitStruct = {0};
 126              		.loc 1 22 3 view .LVU23
  22:Src/main.c    ****   RCC_ClkInitTypeDef RCC_ClkInitStruct = {0};
 127              		.loc 1 22 22 is_stmt 0 view .LVU24
 128 0004 2422     		movs	r2, #36
 129 0006 0021     		movs	r1, #0
 130 0008 07A8     		add	r0, sp, #28
 131 000a FFF7FEFF 		bl	memset
 132              	.LVL0:
  23:Src/main.c    **** 
 133              		.loc 1 23 3 is_stmt 1 view .LVU25
  23:Src/main.c    **** 
 134              		.loc 1 23 22 is_stmt 0 view .LVU26
 135 000e 0024     		movs	r4, #0
 136 0010 0194     		str	r4, [sp, #4]
 137 0012 0294     		str	r4, [sp, #8]
 138 0014 0394     		str	r4, [sp, #12]
 139 0016 0494     		str	r4, [sp, #16]
 140 0018 0594     		str	r4, [sp, #20]
  27:Src/main.c    ****   RCC_OscInitStruct.HSIState = RCC_HSI_ON;
 141              		.loc 1 27 3 is_stmt 1 view .LVU27
  27:Src/main.c    ****   RCC_OscInitStruct.HSIState = RCC_HSI_ON;
 142              		.loc 1 27 36 is_stmt 0 view .LVU28
 143 001a 0223     		movs	r3, #2
 144 001c 0693     		str	r3, [sp, #24]
  28:Src/main.c    ****   RCC_OscInitStruct.HSICalibrationValue = RCC_HSICALIBRATION_DEFAULT;
 145              		.loc 1 28 3 is_stmt 1 view .LVU29
  28:Src/main.c    ****   RCC_OscInitStruct.HSICalibrationValue = RCC_HSICALIBRATION_DEFAULT;
 146              		.loc 1 28 30 is_stmt 0 view .LVU30
 147 001e 0123     		movs	r3, #1
 148 0020 0A93     		str	r3, [sp, #40]
  29:Src/main.c    ****   RCC_OscInitStruct.PLL.PLLState = RCC_PLL_NONE;
 149              		.loc 1 29 3 is_stmt 1 view .LVU31
  29:Src/main.c    ****   RCC_OscInitStruct.PLL.PLLState = RCC_PLL_NONE;
 150              		.loc 1 29 41 is_stmt 0 view .LVU32
 151 0022 1023     		movs	r3, #16
 152 0024 0B93     		str	r3, [sp, #44]
  30:Src/main.c    ****   if (HAL_RCC_OscConfig(&RCC_OscInitStruct) != HAL_OK)
 153              		.loc 1 30 3 is_stmt 1 view .LVU33
  31:Src/main.c    ****   {
 154              		.loc 1 31 3 view .LVU34
ARM GAS  C:\Users\phuong\AppData\Local\Temp\ccD3MtEm.s 			page 5


  31:Src/main.c    ****   {
 155              		.loc 1 31 7 is_stmt 0 view .LVU35
 156 0026 06A8     		add	r0, sp, #24
 157 0028 FFF7FEFF 		bl	HAL_RCC_OscConfig
 158              	.LVL1:
  37:Src/main.c    ****                               |RCC_CLOCKTYPE_PCLK1|RCC_CLOCKTYPE_PCLK2;
 159              		.loc 1 37 3 is_stmt 1 view .LVU36
  37:Src/main.c    ****                               |RCC_CLOCKTYPE_PCLK1|RCC_CLOCKTYPE_PCLK2;
 160              		.loc 1 37 31 is_stmt 0 view .LVU37
 161 002c 0F23     		movs	r3, #15
 162 002e 0193     		str	r3, [sp, #4]
  39:Src/main.c    ****   RCC_ClkInitStruct.AHBCLKDivider = RCC_SYSCLK_DIV1;
 163              		.loc 1 39 3 is_stmt 1 view .LVU38
  39:Src/main.c    ****   RCC_ClkInitStruct.AHBCLKDivider = RCC_SYSCLK_DIV1;
 164              		.loc 1 39 34 is_stmt 0 view .LVU39
 165 0030 0294     		str	r4, [sp, #8]
  40:Src/main.c    ****   RCC_ClkInitStruct.APB1CLKDivider = RCC_HCLK_DIV1;
 166              		.loc 1 40 3 is_stmt 1 view .LVU40
  40:Src/main.c    ****   RCC_ClkInitStruct.APB1CLKDivider = RCC_HCLK_DIV1;
 167              		.loc 1 40 35 is_stmt 0 view .LVU41
 168 0032 0394     		str	r4, [sp, #12]
  41:Src/main.c    ****   RCC_ClkInitStruct.APB2CLKDivider = RCC_HCLK_DIV1;
 169              		.loc 1 41 3 is_stmt 1 view .LVU42
  41:Src/main.c    ****   RCC_ClkInitStruct.APB2CLKDivider = RCC_HCLK_DIV1;
 170              		.loc 1 41 36 is_stmt 0 view .LVU43
 171 0034 0494     		str	r4, [sp, #16]
  42:Src/main.c    **** 
 172              		.loc 1 42 3 is_stmt 1 view .LVU44
  42:Src/main.c    **** 
 173              		.loc 1 42 36 is_stmt 0 view .LVU45
 174 0036 0594     		str	r4, [sp, #20]
  44:Src/main.c    ****   {
 175              		.loc 1 44 3 is_stmt 1 view .LVU46
  44:Src/main.c    ****   {
 176              		.loc 1 44 7 is_stmt 0 view .LVU47
 177 0038 2146     		mov	r1, r4
 178 003a 01A8     		add	r0, sp, #4
 179 003c FFF7FEFF 		bl	HAL_RCC_ClockConfig
 180              	.LVL2:
  48:Src/main.c    **** 
 181              		.loc 1 48 1 view .LVU48
 182 0040 10B0     		add	sp, sp, #64
 183              	.LCFI4:
 184              		.cfi_def_cfa_offset 8
 185              		@ sp needed
 186 0042 10BD     		pop	{r4, pc}
 187              		.cfi_endproc
 188              	.LFE67:
 190              		.section	.text.main,"ax",%progbits
 191              		.align	1
 192              		.global	main
 193              		.syntax unified
 194              		.thumb
 195              		.thumb_func
 196              		.fpu softvfp
 198              	main:
 199              	.LFB66:
ARM GAS  C:\Users\phuong\AppData\Local\Temp\ccD3MtEm.s 			page 6


   8:Src/main.c    **** 
 200              		.loc 1 8 1 is_stmt 1 view -0
 201              		.cfi_startproc
 202              		@ Volatile: function does not return.
 203              		@ args = 0, pretend = 0, frame = 0
 204              		@ frame_needed = 0, uses_anonymous_args = 0
 205 0000 08B5     		push	{r3, lr}
 206              	.LCFI5:
 207              		.cfi_def_cfa_offset 8
 208              		.cfi_offset 3, -8
 209              		.cfi_offset 14, -4
  10:Src/main.c    ****   SystemClock_Config();
 210              		.loc 1 10 3 view .LVU50
 211 0002 FFF7FEFF 		bl	HAL_Init
 212              	.LVL3:
  11:Src/main.c    ****   MX_GPIO_Init();
 213              		.loc 1 11 3 view .LVU51
 214 0006 FFF7FEFF 		bl	SystemClock_Config
 215              	.LVL4:
  12:Src/main.c    **** 
 216              		.loc 1 12 3 view .LVU52
 217 000a FFF7FEFF 		bl	MX_GPIO_Init
 218              	.LVL5:
 219              	.L8:
  14:Src/main.c    ****   {
 220              		.loc 1 14 3 discriminator 1 view .LVU53
  17:Src/main.c    **** }
 221              		.loc 1 17 3 discriminator 1 view .LVU54
 222 000e FEE7     		b	.L8
 223              		.cfi_endproc
 224              	.LFE66:
 226              		.section	.text.Error_Handler,"ax",%progbits
 227              		.align	1
 228              		.global	Error_Handler
 229              		.syntax unified
 230              		.thumb
 231              		.thumb_func
 232              		.fpu softvfp
 234              	Error_Handler:
 235              	.LFB69:
  65:Src/main.c    **** 
  66:Src/main.c    **** void Error_Handler(void)
  67:Src/main.c    **** {
 236              		.loc 1 67 1 view -0
 237              		.cfi_startproc
 238              		@ args = 0, pretend = 0, frame = 0
 239              		@ frame_needed = 0, uses_anonymous_args = 0
 240              		@ link register save eliminated.
  68:Src/main.c    ****   /* USER CODE BEGIN Error_Handler_Debug */
  69:Src/main.c    ****   /* User can add his own implementation to report the HAL error return state */
  70:Src/main.c    **** 
  71:Src/main.c    ****   /* USER CODE END Error_Handler_Debug */
  72:Src/main.c    **** }
 241              		.loc 1 72 1 view .LVU56
 242 0000 7047     		bx	lr
 243              		.cfi_endproc
 244              	.LFE69:
ARM GAS  C:\Users\phuong\AppData\Local\Temp\ccD3MtEm.s 			page 7


 246              		.text
 247              	.Letext0:
 248              		.file 2 "c:\\program files (x86)\\gnu tools arm embedded\\8 2019-q3-update\\arm-none-eabi\\include
 249              		.file 3 "c:\\program files (x86)\\gnu tools arm embedded\\8 2019-q3-update\\arm-none-eabi\\include
 250              		.file 4 "Drivers/CMSIS/Include/core_cm3.h"
 251              		.file 5 "Drivers/CMSIS/Device/ST/STM32F1xx/Include/system_stm32f1xx.h"
 252              		.file 6 "Drivers/CMSIS/Device/ST/STM32F1xx/Include/stm32f103xb.h"
 253              		.file 7 "c:\\program files (x86)\\gnu tools arm embedded\\8 2019-q3-update\\lib\\gcc\\arm-none-eab
 254              		.file 8 "c:\\program files (x86)\\gnu tools arm embedded\\8 2019-q3-update\\arm-none-eabi\\include
 255              		.file 9 "c:\\program files (x86)\\gnu tools arm embedded\\8 2019-q3-update\\arm-none-eabi\\include
 256              		.file 10 "c:\\program files (x86)\\gnu tools arm embedded\\8 2019-q3-update\\arm-none-eabi\\includ
 257              		.file 11 "Drivers/STM32F1xx_HAL_Driver/Inc/stm32f1xx_hal_rcc.h"
 258              		.file 12 "Drivers/STM32F1xx_HAL_Driver/Inc/stm32f1xx_hal_rcc_ex.h"
 259              		.file 13 "Drivers/STM32F1xx_HAL_Driver/Inc/stm32f1xx_hal_def.h"
 260              		.file 14 "Drivers/STM32F1xx_HAL_Driver/Inc/stm32f1xx_hal.h"
 261              		.file 15 "<built-in>"
ARM GAS  C:\Users\phuong\AppData\Local\Temp\ccD3MtEm.s 			page 8


DEFINED SYMBOLS
                            *ABS*:00000000 main.c
C:\Users\phuong\AppData\Local\Temp\ccD3MtEm.s:16     .text.MX_GPIO_Init:00000000 $t
C:\Users\phuong\AppData\Local\Temp\ccD3MtEm.s:23     .text.MX_GPIO_Init:00000000 MX_GPIO_Init
C:\Users\phuong\AppData\Local\Temp\ccD3MtEm.s:100    .text.MX_GPIO_Init:00000050 $d
C:\Users\phuong\AppData\Local\Temp\ccD3MtEm.s:105    .text.SystemClock_Config:00000000 $t
C:\Users\phuong\AppData\Local\Temp\ccD3MtEm.s:112    .text.SystemClock_Config:00000000 SystemClock_Config
C:\Users\phuong\AppData\Local\Temp\ccD3MtEm.s:191    .text.main:00000000 $t
C:\Users\phuong\AppData\Local\Temp\ccD3MtEm.s:198    .text.main:00000000 main
C:\Users\phuong\AppData\Local\Temp\ccD3MtEm.s:227    .text.Error_Handler:00000000 $t
C:\Users\phuong\AppData\Local\Temp\ccD3MtEm.s:234    .text.Error_Handler:00000000 Error_Handler

UNDEFINED SYMBOLS
memset
HAL_RCC_OscConfig
HAL_RCC_ClockConfig
HAL_Init
